<?xml version="1.0" encoding="UTF-8"?>
<!-- Generated by org.testng.reporters.JUnitReportReporter -->
<testsuite hostname="toshiba-pc" failures="0" tests="1" name="com.automationtesting.OrderCompleteTest" time="192.195" errors="0" timestamp="2022-12-27T01:30:31 CET" skipped="0">
  <testcase classname="com.automationtesting.OrderCompleteTest" name="endToEndTest" time="192.195"/>
  <system-out/>
</testsuite> <!-- com.automationtesting.OrderCompleteTest -->
